2026-01-21T20:33:28: [dotenv@17.2.3] injecting env (0) from .env -- tip: 🔐 prevent building .env in docker: https://dotenvx.com/prebuild
2026-01-21T20:33:28: [32m[Nest] 20397  - [39m01/21/2026, 8:33:28 PM [32m    LOG[39m [38;5;3m[NestFactory] [39m[32mStarting Nest application...[39m
2026-01-21T20:33:28: [32m[Nest] 20397  - [39m01/21/2026, 8:33:28 PM [32m    LOG[39m [38;5;3m[InstanceLoader] [39m[32mAppModule dependencies initialized[39m[38;5;3m +5ms[39m
2026-01-21T20:33:28: [32m[Nest] 20397  - [39m01/21/2026, 8:33:28 PM [32m    LOG[39m [38;5;3m[InstanceLoader] [39m[32mPrismaModule dependencies initialized[39m[38;5;3m +0ms[39m
2026-01-21T20:33:28: [32m[Nest] 20397  - [39m01/21/2026, 8:33:28 PM [32m    LOG[39m [38;5;3m[InstanceLoader] [39m[32mJwtModule dependencies initialized[39m[38;5;3m +0ms[39m
2026-01-21T20:33:28: [32m[Nest] 20397  - [39m01/21/2026, 8:33:28 PM [32m    LOG[39m [38;5;3m[InstanceLoader] [39m[32mAuthModule dependencies initialized[39m[38;5;3m +0ms[39m
2026-01-21T20:33:28: [32m[Nest] 20397  - [39m01/21/2026, 8:33:28 PM [32m    LOG[39m [38;5;3m[InstanceLoader] [39m[32mTransactionModule dependencies initialized[39m[38;5;3m +0ms[39m
2026-01-21T20:33:28: [32m[Nest] 20397  - [39m01/21/2026, 8:33:28 PM [32m    LOG[39m [38;5;3m[InstanceLoader] [39m[32mUserModule dependencies initialized[39m[38;5;3m +0ms[39m
2026-01-21T20:33:28: [33m[Nest] 20397  - [39m01/21/2026, 8:33:28 PM [33m   WARN[39m [38;5;3m[LegacyRouteConverter] [39m[33mUnsupported route path: "/api/*". In previous versions, the symbols ?, *, and + were used to denote optional or repeating path parameters. The latest version of "path-to-regexp" now requires the use of named parameters. For example, instead of using a route like /users/* to capture all routes starting with "/users", you should use /users/*path. For more details, refer to the migration guide. Attempting to auto-convert...[39m
2026-01-21T20:33:28: [32m[Nest] 20397  - [39m01/21/2026, 8:33:28 PM [32m    LOG[39m [38;5;3m[RoutesResolver] [39m[32mAuthController {/api/auth}:[39m[38;5;3m +1ms[39m
2026-01-21T20:33:28: [32m[Nest] 20397  - [39m01/21/2026, 8:33:28 PM [32m    LOG[39m [38;5;3m[RouterExplorer] [39m[32mMapped {/api/auth/register, POST} route[39m[38;5;3m +1ms[39m
2026-01-21T20:33:28: [32m[Nest] 20397  - [39m01/21/2026, 8:33:28 PM [32m    LOG[39m [38;5;3m[RouterExplorer] [39m[32mMapped {/api/auth/login, POST} route[39m[38;5;3m +0ms[39m
2026-01-21T20:33:28: [32m[Nest] 20397  - [39m01/21/2026, 8:33:28 PM [32m    LOG[39m [38;5;3m[RoutesResolver] [39m[32mTransactionController {/api/transaction}:[39m[38;5;3m +0ms[39m
2026-01-21T20:33:28: [32m[Nest] 20397  - [39m01/21/2026, 8:33:28 PM [32m    LOG[39m [38;5;3m[RouterExplorer] [39m[32mMapped {/api/transaction, POST} route[39m[38;5;3m +0ms[39m
2026-01-21T20:33:28: [32m[Nest] 20397  - [39m01/21/2026, 8:33:28 PM [32m    LOG[39m [38;5;3m[RouterExplorer] [39m[32mMapped {/api/transaction/summary, GET} route[39m[38;5;3m +0ms[39m
2026-01-21T20:33:28: [32m[Nest] 20397  - [39m01/21/2026, 8:33:28 PM [32m    LOG[39m [38;5;3m[RoutesResolver] [39m[32mUserController {/api/user}:[39m[38;5;3m +0ms[39m
2026-01-21T20:33:28: [32m[Nest] 20397  - [39m01/21/2026, 8:33:28 PM [32m    LOG[39m [38;5;3m[RouterExplorer] [39m[32mMapped {/api/user/me, GET} route[39m[38;5;3m +0ms[39m
2026-01-21T20:33:28: [32m[Nest] 20397  - [39m01/21/2026, 8:33:28 PM [32m    LOG[39m [38;5;3m[RouterExplorer] [39m[32mMapped {/api/user/link, POST} route[39m[38;5;3m +0ms[39m
2026-01-21T20:33:28: [32m[Nest] 20397  - [39m01/21/2026, 8:33:28 PM [32m    LOG[39m [38;5;3m[RouterExplorer] [39m[32mMapped {/api/user/unlink, POST} route[39m[38;5;3m +0ms[39m
2026-01-21T20:33:28: [32m[32minfo[32m[39m: Postgres connected {"service":"user-service","timestamp":"2026-01-21T15:33:28.561Z"}
2026-01-21T20:33:28: [32m[Nest] 20397  - [39m01/21/2026, 8:33:28 PM [32m    LOG[39m [38;5;3m[NestApplication] [39m[32mNest application successfully started[39m[38;5;3m +26ms[39m
2026-01-21T20:33:28: [32m[32minfo[32m[39m: Server is running on: http://localhost:3000 {"service":"user-service","timestamp":"2026-01-21T15:33:28.565Z"}
